0 info it worked if it ends with ok
1 verbose cli [ '/usr/local/bin/node', '/usr/local/bin/npm', 'run', 'test' ]
2 info using npm@3.10.8
3 info using node@v4.4.7
4 verbose run-script [ 'pretest', 'test', 'posttest' ]
5 info lifecycle next-train-alexa@1.0.0~pretest: next-train-alexa@1.0.0
6 silly lifecycle next-train-alexa@1.0.0~pretest: no script for pretest, continuing
7 info lifecycle next-train-alexa@1.0.0~test: next-train-alexa@1.0.0
8 verbose lifecycle next-train-alexa@1.0.0~test: unsafe-perm in lifecycle true
9 verbose lifecycle next-train-alexa@1.0.0~test: PATH: /usr/local/lib/node_modules/npm/bin/node-gyp-bin:/Users/tom/projects/next-train-alexa/node_modules/.bin:/usr/local/git/bin:/usr/local/bin:/Users/tom/.composer/vendor/bin:/usr/local/bin:/usr/bin:/bin:/usr/sbin:/sbin:/usr/local/git/bin
10 verbose lifecycle next-train-alexa@1.0.0~test: CWD: /Users/tom/projects/next-train-alexa
11 silly lifecycle next-train-alexa@1.0.0~test: Args: [ '-c', 'jest --verbose' ]
12 silly lifecycle next-train-alexa@1.0.0~test: Returned: code: 1  signal: null
13 info lifecycle next-train-alexa@1.0.0~test: Failed to exec test script
14 verbose stack Error: next-train-alexa@1.0.0 test: `jest --verbose`
14 verbose stack Exit status 1
14 verbose stack     at EventEmitter.<anonymous> (/usr/local/lib/node_modules/npm/lib/utils/lifecycle.js:255:16)
14 verbose stack     at emitTwo (events.js:87:13)
14 verbose stack     at EventEmitter.emit (events.js:172:7)
14 verbose stack     at ChildProcess.<anonymous> (/usr/local/lib/node_modules/npm/lib/utils/spawn.js:40:14)
14 verbose stack     at emitTwo (events.js:87:13)
14 verbose stack     at ChildProcess.emit (events.js:172:7)
14 verbose stack     at maybeClose (internal/child_process.js:827:16)
14 verbose stack     at Process.ChildProcess._handle.onexit (internal/child_process.js:211:5)
15 verbose pkgid next-train-alexa@1.0.0
16 verbose cwd /Users/tom/projects/next-train-alexa
17 error Darwin 14.0.0
18 error argv "/usr/local/bin/node" "/usr/local/bin/npm" "run" "test"
19 error node v4.4.7
20 error npm  v3.10.8
21 error code ELIFECYCLE
22 error next-train-alexa@1.0.0 test: `jest --verbose`
22 error Exit status 1
23 error Failed at the next-train-alexa@1.0.0 test script 'jest --verbose'.
23 error Make sure you have the latest version of node.js and npm installed.
23 error If you do, this is most likely a problem with the next-train-alexa package,
23 error not with npm itself.
23 error Tell the author that this fails on your system:
23 error     jest --verbose
23 error You can get information on how to open an issue for this project with:
23 error     npm bugs next-train-alexa
23 error Or if that isn't available, you can get their info via:
23 error     npm owner ls next-train-alexa
23 error There is likely additional logging output above.
24 verbose exit [ 1, true ]
